<?xml version="1.0" encoding="UTF-8"?>
<testsuite xmlns:xsi="http://www.w3.org/2001/XMLSchema-instance" xsi:noNamespaceSchemaLocation="https://maven.apache.org/surefire/maven-surefire-plugin/xsd/surefire-test-report.xsd" name="com.atguigu.lease.web.app.service.impl.SmsServiceImplTest" time="8.817" tests="1" errors="0" skipped="0" failures="0">
  <properties>
    <property name="java.specification.version" value="17"/>
    <property name="sun.cpu.isalist" value="amd64"/>
    <property name="sun.jnu.encoding" value="GBK"/>
    <property name="java.class.path" value="D:\Code\house\lease\web\web-app\target\test-classes;D:\Code\house\lease\web\web-app\target\classes;D:\Code\house\lease\common\target\common-1.0-SNAPSHOT.jar;D:\Apache\apache-maven-repository\com\baomidou\mybatis-plus-boot-starter\3.5.3.1\mybatis-plus-boot-starter-3.5.3.1.jar;D:\Apache\apache-maven-repository\com\baomidou\mybatis-plus\3.5.3.1\mybatis-plus-3.5.3.1.jar;D:\Apache\apache-maven-repository\com\baomidou\mybatis-plus-extension\3.5.3.1\mybatis-plus-extension-3.5.3.1.jar;D:\Apache\apache-maven-repository\com\baomidou\mybatis-plus-core\3.5.3.1\mybatis-plus-core-3.5.3.1.jar;D:\Apache\apache-maven-repository\com\baomidou\mybatis-plus-annotation\3.5.3.1\mybatis-plus-annotation-3.5.3.1.jar;D:\Apache\apache-maven-repository\com\github\jsqlparser\jsqlparser\4.4\jsqlparser-4.4.jar;D:\Apache\apache-maven-repository\org\mybatis\mybatis\3.5.10\mybatis-3.5.10.jar;D:\Apache\apache-maven-repository\org\mybatis\mybatis-spring\2.0.7\mybatis-spring-2.0.7.jar;D:\Apache\apache-maven-repository\org\springframework\boot\spring-boot-autoconfigure\3.0.5\spring-boot-autoconfigure-3.0.5.jar;D:\Apache\apache-maven-repository\org\springframework\boot\spring-boot-starter-jdbc\3.0.5\spring-boot-starter-jdbc-3.0.5.jar;D:\Apache\apache-maven-repository\com\zaxxer\HikariCP\5.0.1\HikariCP-5.0.1.jar;D:\Apache\apache-maven-repository\org\springframework\spring-jdbc\6.0.7\spring-jdbc-6.0.7.jar;D:\Apache\apache-maven-repository\com\mysql\mysql-connector-j\8.0.32\mysql-connector-j-8.0.32.jar;D:\Apache\apache-maven-repository\org\projectlombok\lombok\1.18.26\lombok-1.18.26.jar;D:\Apache\apache-maven-repository\io\minio\minio\8.2.0\minio-8.2.0.jar;D:\Apache\apache-maven-repository\com\carrotsearch\thirdparty\simple-xml-safe\2.7.1\simple-xml-safe-2.7.1.jar;D:\Apache\apache-maven-repository\com\google\guava\guava\29.0-jre\guava-29.0-jre.jar;D:\Apache\apache-maven-repository\com\google\guava\failureaccess\1.0.1\failureaccess-1.0.1.jar;D:\Apache\apache-maven-repository\com\google\guava\listenablefuture\9999.0-empty-to-avoid-conflict-with-guava\listenablefuture-9999.0-empty-to-avoid-conflict-with-guava.jar;D:\Apache\apache-maven-repository\com\google\code\findbugs\jsr305\3.0.2\jsr305-3.0.2.jar;D:\Apache\apache-maven-repository\org\checkerframework\checker-qual\2.11.1\checker-qual-2.11.1.jar;D:\Apache\apache-maven-repository\com\google\errorprone\error_prone_annotations\2.3.4\error_prone_annotations-2.3.4.jar;D:\Apache\apache-maven-repository\com\google\j2objc\j2objc-annotations\1.3\j2objc-annotations-1.3.jar;D:\Apache\apache-maven-repository\com\squareup\okhttp3\okhttp\4.10.0\okhttp-4.10.0.jar;D:\Apache\apache-maven-repository\com\squareup\okio\okio-jvm\3.0.0\okio-jvm-3.0.0.jar;D:\Apache\apache-maven-repository\org\jetbrains\kotlin\kotlin-stdlib-jdk8\1.7.22\kotlin-stdlib-jdk8-1.7.22.jar;D:\Apache\apache-maven-repository\org\jetbrains\kotlin\kotlin-stdlib-jdk7\1.7.22\kotlin-stdlib-jdk7-1.7.22.jar;D:\Apache\apache-maven-repository\org\jetbrains\kotlin\kotlin-stdlib-common\1.7.22\kotlin-stdlib-common-1.7.22.jar;D:\Apache\apache-maven-repository\org\jetbrains\kotlin\kotlin-stdlib\1.7.22\kotlin-stdlib-1.7.22.jar;D:\Apache\apache-maven-repository\org\jetbrains\annotations\13.0\annotations-13.0.jar;D:\Apache\apache-maven-repository\com\fasterxml\jackson\core\jackson-annotations\2.14.2\jackson-annotations-2.14.2.jar;D:\Apache\apache-maven-repository\com\fasterxml\jackson\core\jackson-core\2.14.2\jackson-core-2.14.2.jar;D:\Apache\apache-maven-repository\com\fasterxml\jackson\core\jackson-databind\2.14.2\jackson-databind-2.14.2.jar;D:\Apache\apache-maven-repository\commons-codec\commons-codec\1.15\commons-codec-1.15.jar;D:\Apache\apache-maven-repository\com\github\whvcse\easy-captcha\1.6.2\easy-captcha-1.6.2.jar;D:\Apache\apache-maven-repository\org\springframework\boot\spring-boot-starter-data-redis\3.0.5\spring-boot-starter-data-redis-3.0.5.jar;D:\Apache\apache-maven-repository\org\springframework\data\spring-data-redis\3.0.4\spring-data-redis-3.0.4.jar;D:\Apache\apache-maven-repository\org\springframework\data\spring-data-keyvalue\3.0.4\spring-data-keyvalue-3.0.4.jar;D:\Apache\apache-maven-repository\org\springframework\data\spring-data-commons\3.0.4\spring-data-commons-3.0.4.jar;D:\Apache\apache-maven-repository\org\springframework\spring-tx\6.0.7\spring-tx-6.0.7.jar;D:\Apache\apache-maven-repository\org\springframework\spring-oxm\6.0.7\spring-oxm-6.0.7.jar;D:\Apache\apache-maven-repository\org\springframework\spring-context-support\6.0.7\spring-context-support-6.0.7.jar;D:\Apache\apache-maven-repository\io\lettuce\lettuce-core\6.2.3.RELEASE\lettuce-core-6.2.3.RELEASE.jar;D:\Apache\apache-maven-repository\io\netty\netty-common\4.1.90.Final\netty-common-4.1.90.Final.jar;D:\Apache\apache-maven-repository\io\netty\netty-handler\4.1.90.Final\netty-handler-4.1.90.Final.jar;D:\Apache\apache-maven-repository\io\netty\netty-resolver\4.1.90.Final\netty-resolver-4.1.90.Final.jar;D:\Apache\apache-maven-repository\io\netty\netty-buffer\4.1.90.Final\netty-buffer-4.1.90.Final.jar;D:\Apache\apache-maven-repository\io\netty\netty-transport-native-unix-common\4.1.90.Final\netty-transport-native-unix-common-4.1.90.Final.jar;D:\Apache\apache-maven-repository\io\netty\netty-codec\4.1.90.Final\netty-codec-4.1.90.Final.jar;D:\Apache\apache-maven-repository\io\netty\netty-transport\4.1.90.Final\netty-transport-4.1.90.Final.jar;D:\Apache\apache-maven-repository\io\projectreactor\reactor-core\3.5.4\reactor-core-3.5.4.jar;D:\Apache\apache-maven-repository\org\reactivestreams\reactive-streams\1.0.4\reactive-streams-1.0.4.jar;D:\Apache\apache-maven-repository\io\jsonwebtoken\jjwt-api\0.11.2\jjwt-api-0.11.2.jar;D:\Apache\apache-maven-repository\io\jsonwebtoken\jjwt-impl\0.11.2\jjwt-impl-0.11.2.jar;D:\Apache\apache-maven-repository\io\jsonwebtoken\jjwt-jackson\0.11.2\jjwt-jackson-0.11.2.jar;D:\Apache\apache-maven-repository\com\aliyun\dysmsapi20170525\2.0.23\dysmsapi20170525-2.0.23.jar;D:\Apache\apache-maven-repository\com\aliyun\tea-util\0.2.16\tea-util-0.2.16.jar;D:\Apache\apache-maven-repository\com\google\code\gson\gson\2.9.1\gson-2.9.1.jar;D:\Apache\apache-maven-repository\com\aliyun\endpoint-util\0.0.7\endpoint-util-0.0.7.jar;D:\Apache\apache-maven-repository\com\aliyun\tea\1.2.0\tea-1.2.0.jar;D:\Apache\apache-maven-repository\org\jacoco\org.jacoco.agent\0.8.4\org.jacoco.agent-0.8.4-runtime.jar;D:\Apache\apache-maven-repository\com\aliyun\tea-openapi\0.2.8\tea-openapi-0.2.8.jar;D:\Apache\apache-maven-repository\com\aliyun\credentials-java\0.2.4\credentials-java-0.2.4.jar;D:\Apache\apache-maven-repository\org\ini4j\ini4j\0.5.4\ini4j-0.5.4.jar;D:\Apache\apache-maven-repository\javax\xml\bind\jaxb-api\2.3.0\jaxb-api-2.3.0.jar;D:\Apache\apache-maven-repository\com\sun\xml\bind\jaxb-core\4.0.2\jaxb-core-4.0.2.jar;D:\Apache\apache-maven-repository\org\eclipse\angus\angus-activation\2.0.0\angus-activation-2.0.0.jar;D:\Apache\apache-maven-repository\com\sun\xml\bind\jaxb-impl\4.0.2\jaxb-impl-4.0.2.jar;D:\Apache\apache-maven-repository\com\aliyun\alibabacloud-gateway-spi\0.0.1\alibabacloud-gateway-spi-0.0.1.jar;D:\Apache\apache-maven-repository\com\aliyun\tea-xml\0.1.5\tea-xml-0.1.5.jar;D:\Apache\apache-maven-repository\org\dom4j\dom4j\2.0.3\dom4j-2.0.3.jar;D:\Apache\apache-maven-repository\com\aliyun\openapiutil\0.2.0\openapiutil-0.2.0.jar;D:\Apache\apache-maven-repository\org\bouncycastle\bcpkix-jdk15on\1.65\bcpkix-jdk15on-1.65.jar;D:\Apache\apache-maven-repository\org\bouncycastle\bcprov-jdk15on\1.65\bcprov-jdk15on-1.65.jar;D:\Code\house\lease\model\target\model-1.0-SNAPSHOT.jar;D:\Apache\apache-maven-repository\org\springframework\boot\spring-boot-starter-web\3.0.5\spring-boot-starter-web-3.0.5.jar;D:\Apache\apache-maven-repository\org\springframework\boot\spring-boot-starter\3.0.5\spring-boot-starter-3.0.5.jar;D:\Apache\apache-maven-repository\org\springframework\boot\spring-boot\3.0.5\spring-boot-3.0.5.jar;D:\Apache\apache-maven-repository\org\springframework\boot\spring-boot-starter-logging\3.0.5\spring-boot-starter-logging-3.0.5.jar;D:\Apache\apache-maven-repository\ch\qos\logback\logback-classic\1.4.6\logback-classic-1.4.6.jar;D:\Apache\apache-maven-repository\ch\qos\logback\logback-core\1.4.6\logback-core-1.4.6.jar;D:\Apache\apache-maven-repository\org\apache\logging\log4j\log4j-to-slf4j\2.19.0\log4j-to-slf4j-2.19.0.jar;D:\Apache\apache-maven-repository\org\apache\logging\log4j\log4j-api\2.19.0\log4j-api-2.19.0.jar;D:\Apache\apache-maven-repository\org\slf4j\jul-to-slf4j\2.0.7\jul-to-slf4j-2.0.7.jar;D:\Apache\apache-maven-repository\jakarta\annotation\jakarta.annotation-api\2.1.1\jakarta.annotation-api-2.1.1.jar;D:\Apache\apache-maven-repository\org\yaml\snakeyaml\1.33\snakeyaml-1.33.jar;D:\Apache\apache-maven-repository\org\springframework\boot\spring-boot-starter-json\3.0.5\spring-boot-starter-json-3.0.5.jar;D:\Apache\apache-maven-repository\com\fasterxml\jackson\datatype\jackson-datatype-jdk8\2.14.2\jackson-datatype-jdk8-2.14.2.jar;D:\Apache\apache-maven-repository\com\fasterxml\jackson\datatype\jackson-datatype-jsr310\2.14.2\jackson-datatype-jsr310-2.14.2.jar;D:\Apache\apache-maven-repository\com\fasterxml\jackson\module\jackson-module-parameter-names\2.14.2\jackson-module-parameter-names-2.14.2.jar;D:\Apache\apache-maven-repository\org\springframework\boot\spring-boot-starter-tomcat\3.0.5\spring-boot-starter-tomcat-3.0.5.jar;D:\Apache\apache-maven-repository\org\apache\tomcat\embed\tomcat-embed-core\10.1.7\tomcat-embed-core-10.1.7.jar;D:\Apache\apache-maven-repository\org\apache\tomcat\embed\tomcat-embed-el\10.1.7\tomcat-embed-el-10.1.7.jar;D:\Apache\apache-maven-repository\org\apache\tomcat\embed\tomcat-embed-websocket\10.1.7\tomcat-embed-websocket-10.1.7.jar;D:\Apache\apache-maven-repository\org\springframework\spring-web\6.0.7\spring-web-6.0.7.jar;D:\Apache\apache-maven-repository\org\springframework\spring-beans\6.0.7\spring-beans-6.0.7.jar;D:\Apache\apache-maven-repository\io\micrometer\micrometer-observation\1.10.5\micrometer-observation-1.10.5.jar;D:\Apache\apache-maven-repository\io\micrometer\micrometer-commons\1.10.5\micrometer-commons-1.10.5.jar;D:\Apache\apache-maven-repository\org\springframework\spring-webmvc\6.0.7\spring-webmvc-6.0.7.jar;D:\Apache\apache-maven-repository\org\springframework\spring-aop\6.0.7\spring-aop-6.0.7.jar;D:\Apache\apache-maven-repository\org\springframework\spring-context\6.0.7\spring-context-6.0.7.jar;D:\Apache\apache-maven-repository\org\springframework\spring-expression\6.0.7\spring-expression-6.0.7.jar;D:\Apache\apache-maven-repository\org\springframework\boot\spring-boot-starter-test\3.0.5\spring-boot-starter-test-3.0.5.jar;D:\Apache\apache-maven-repository\org\springframework\boot\spring-boot-test\3.0.5\spring-boot-test-3.0.5.jar;D:\Apache\apache-maven-repository\org\springframework\boot\spring-boot-test-autoconfigure\3.0.5\spring-boot-test-autoconfigure-3.0.5.jar;D:\Apache\apache-maven-repository\com\jayway\jsonpath\json-path\2.7.0\json-path-2.7.0.jar;D:\Apache\apache-maven-repository\net\minidev\json-smart\2.4.10\json-smart-2.4.10.jar;D:\Apache\apache-maven-repository\net\minidev\accessors-smart\2.4.9\accessors-smart-2.4.9.jar;D:\Apache\apache-maven-repository\org\ow2\asm\asm\9.3\asm-9.3.jar;D:\Apache\apache-maven-repository\org\slf4j\slf4j-api\2.0.7\slf4j-api-2.0.7.jar;D:\Apache\apache-maven-repository\jakarta\xml\bind\jakarta.xml.bind-api\4.0.0\jakarta.xml.bind-api-4.0.0.jar;D:\Apache\apache-maven-repository\jakarta\activation\jakarta.activation-api\2.1.1\jakarta.activation-api-2.1.1.jar;D:\Apache\apache-maven-repository\org\assertj\assertj-core\3.23.1\assertj-core-3.23.1.jar;D:\Apache\apache-maven-repository\net\bytebuddy\byte-buddy\1.12.23\byte-buddy-1.12.23.jar;D:\Apache\apache-maven-repository\org\hamcrest\hamcrest\2.2\hamcrest-2.2.jar;D:\Apache\apache-maven-repository\org\junit\jupiter\junit-jupiter\5.9.2\junit-jupiter-5.9.2.jar;D:\Apache\apache-maven-repository\org\junit\jupiter\junit-jupiter-api\5.9.2\junit-jupiter-api-5.9.2.jar;D:\Apache\apache-maven-repository\org\opentest4j\opentest4j\1.2.0\opentest4j-1.2.0.jar;D:\Apache\apache-maven-repository\org\junit\platform\junit-platform-commons\1.9.2\junit-platform-commons-1.9.2.jar;D:\Apache\apache-maven-repository\org\apiguardian\apiguardian-api\1.1.2\apiguardian-api-1.1.2.jar;D:\Apache\apache-maven-repository\org\junit\jupiter\junit-jupiter-params\5.9.2\junit-jupiter-params-5.9.2.jar;D:\Apache\apache-maven-repository\org\junit\jupiter\junit-jupiter-engine\5.9.2\junit-jupiter-engine-5.9.2.jar;D:\Apache\apache-maven-repository\org\junit\platform\junit-platform-engine\1.9.2\junit-platform-engine-1.9.2.jar;D:\Apache\apache-maven-repository\org\mockito\mockito-core\4.8.1\mockito-core-4.8.1.jar;D:\Apache\apache-maven-repository\net\bytebuddy\byte-buddy-agent\1.12.23\byte-buddy-agent-1.12.23.jar;D:\Apache\apache-maven-repository\org\objenesis\objenesis\3.2\objenesis-3.2.jar;D:\Apache\apache-maven-repository\org\mockito\mockito-junit-jupiter\4.8.1\mockito-junit-jupiter-4.8.1.jar;D:\Apache\apache-maven-repository\org\skyscreamer\jsonassert\1.5.1\jsonassert-1.5.1.jar;D:\Apache\apache-maven-repository\com\vaadin\external\google\android-json\0.0.20131108.vaadin1\android-json-0.0.20131108.vaadin1.jar;D:\Apache\apache-maven-repository\org\springframework\spring-core\6.0.7\spring-core-6.0.7.jar;D:\Apache\apache-maven-repository\org\springframework\spring-jcl\6.0.7\spring-jcl-6.0.7.jar;D:\Apache\apache-maven-repository\org\springframework\spring-test\6.0.7\spring-test-6.0.7.jar;D:\Apache\apache-maven-repository\org\xmlunit\xmlunit-core\2.9.1\xmlunit-core-2.9.1.jar;D:\Apache\apache-maven-repository\com\github\xiaoymin\knife4j-openapi3-jakarta-spring-boot-starter\4.1.0\knife4j-openapi3-jakarta-spring-boot-starter-4.1.0.jar;D:\Apache\apache-maven-repository\com\github\xiaoymin\knife4j-core\4.1.0\knife4j-core-4.1.0.jar;D:\Apache\apache-maven-repository\com\github\xiaoymin\knife4j-openapi3-ui\4.1.0\knife4j-openapi3-ui-4.1.0.jar;D:\Apache\apache-maven-repository\org\springdoc\springdoc-openapi-starter-common\2.0.4\springdoc-openapi-starter-common-2.0.4.jar;D:\Apache\apache-maven-repository\io\swagger\core\v3\swagger-core-jakarta\2.2.8\swagger-core-jakarta-2.2.8.jar;D:\Apache\apache-maven-repository\org\apache\commons\commons-lang3\3.12.0\commons-lang3-3.12.0.jar;D:\Apache\apache-maven-repository\jakarta\validation\jakarta.validation-api\3.0.2\jakarta.validation-api-3.0.2.jar;D:\Apache\apache-maven-repository\com\fasterxml\jackson\dataformat\jackson-dataformat-yaml\2.14.2\jackson-dataformat-yaml-2.14.2.jar;D:\Apache\apache-maven-repository\org\springdoc\springdoc-openapi-starter-webflux-ui\2.0.4\springdoc-openapi-starter-webflux-ui-2.0.4.jar;D:\Apache\apache-maven-repository\org\springdoc\springdoc-openapi-starter-webflux-api\2.0.4\springdoc-openapi-starter-webflux-api-2.0.4.jar;D:\Apache\apache-maven-repository\org\springframework\spring-webflux\6.0.7\spring-webflux-6.0.7.jar;D:\Apache\apache-maven-repository\org\webjars\swagger-ui\4.18.1\swagger-ui-4.18.1.jar;D:\Apache\apache-maven-repository\org\webjars\webjars-locator-core\0.52\webjars-locator-core-0.52.jar;D:\Apache\apache-maven-repository\io\github\classgraph\classgraph\4.8.149\classgraph-4.8.149.jar;D:\Apache\apache-maven-repository\org\springdoc\springdoc-openapi-starter-webmvc-ui\2.0.4\springdoc-openapi-starter-webmvc-ui-2.0.4.jar;D:\Apache\apache-maven-repository\org\springdoc\springdoc-openapi-starter-webmvc-api\2.0.4\springdoc-openapi-starter-webmvc-api-2.0.4.jar;D:\Apache\apache-maven-repository\io\swagger\core\v3\swagger-annotations-jakarta\2.2.8\swagger-annotations-jakarta-2.2.8.jar;D:\Apache\apache-maven-repository\io\swagger\core\v3\swagger-models-jakarta\2.2.8\swagger-models-jakarta-2.2.8.jar;"/>
    <property name="java.vm.vendor" value="Oracle Corporation"/>
    <property name="sun.arch.data.model" value="64"/>
    <property name="user.variant" value=""/>
    <property name="java.vendor.url" value="https://java.oracle.com/"/>
    <property name="user.timezone" value="Asia/Shanghai"/>
    <property name="os.name" value="Windows 11"/>
    <property name="java.vm.specification.version" value="17"/>
    <property name="sun.java.launcher" value="SUN_STANDARD"/>
    <property name="user.country" value="CN"/>
    <property name="sun.boot.library.path" value="D:\Program Files\Java\jdk-17\bin"/>
    <property name="sun.java.command" value="C:\Users\wy292\AppData\Local\Temp\surefire4742681233294547946\surefirebooter1738136579066770773.jar C:\Users\wy292\AppData\Local\Temp\surefire4742681233294547946 2024-08-07T11-41-58_010-jvmRun1 surefire10785946586817949819tmp surefire_111519008517959588137tmp"/>
    <property name="jdk.debug" value="release"/>
    <property name="surefire.test.class.path" value="D:\Code\house\lease\web\web-app\target\test-classes;D:\Code\house\lease\web\web-app\target\classes;D:\Code\house\lease\common\target\common-1.0-SNAPSHOT.jar;D:\Apache\apache-maven-repository\com\baomidou\mybatis-plus-boot-starter\3.5.3.1\mybatis-plus-boot-starter-3.5.3.1.jar;D:\Apache\apache-maven-repository\com\baomidou\mybatis-plus\3.5.3.1\mybatis-plus-3.5.3.1.jar;D:\Apache\apache-maven-repository\com\baomidou\mybatis-plus-extension\3.5.3.1\mybatis-plus-extension-3.5.3.1.jar;D:\Apache\apache-maven-repository\com\baomidou\mybatis-plus-core\3.5.3.1\mybatis-plus-core-3.5.3.1.jar;D:\Apache\apache-maven-repository\com\baomidou\mybatis-plus-annotation\3.5.3.1\mybatis-plus-annotation-3.5.3.1.jar;D:\Apache\apache-maven-repository\com\github\jsqlparser\jsqlparser\4.4\jsqlparser-4.4.jar;D:\Apache\apache-maven-repository\org\mybatis\mybatis\3.5.10\mybatis-3.5.10.jar;D:\Apache\apache-maven-repository\org\mybatis\mybatis-spring\2.0.7\mybatis-spring-2.0.7.jar;D:\Apache\apache-maven-repository\org\springframework\boot\spring-boot-autoconfigure\3.0.5\spring-boot-autoconfigure-3.0.5.jar;D:\Apache\apache-maven-repository\org\springframework\boot\spring-boot-starter-jdbc\3.0.5\spring-boot-starter-jdbc-3.0.5.jar;D:\Apache\apache-maven-repository\com\zaxxer\HikariCP\5.0.1\HikariCP-5.0.1.jar;D:\Apache\apache-maven-repository\org\springframework\spring-jdbc\6.0.7\spring-jdbc-6.0.7.jar;D:\Apache\apache-maven-repository\com\mysql\mysql-connector-j\8.0.32\mysql-connector-j-8.0.32.jar;D:\Apache\apache-maven-repository\org\projectlombok\lombok\1.18.26\lombok-1.18.26.jar;D:\Apache\apache-maven-repository\io\minio\minio\8.2.0\minio-8.2.0.jar;D:\Apache\apache-maven-repository\com\carrotsearch\thirdparty\simple-xml-safe\2.7.1\simple-xml-safe-2.7.1.jar;D:\Apache\apache-maven-repository\com\google\guava\guava\29.0-jre\guava-29.0-jre.jar;D:\Apache\apache-maven-repository\com\google\guava\failureaccess\1.0.1\failureaccess-1.0.1.jar;D:\Apache\apache-maven-repository\com\google\guava\listenablefuture\9999.0-empty-to-avoid-conflict-with-guava\listenablefuture-9999.0-empty-to-avoid-conflict-with-guava.jar;D:\Apache\apache-maven-repository\com\google\code\findbugs\jsr305\3.0.2\jsr305-3.0.2.jar;D:\Apache\apache-maven-repository\org\checkerframework\checker-qual\2.11.1\checker-qual-2.11.1.jar;D:\Apache\apache-maven-repository\com\google\errorprone\error_prone_annotations\2.3.4\error_prone_annotations-2.3.4.jar;D:\Apache\apache-maven-repository\com\google\j2objc\j2objc-annotations\1.3\j2objc-annotations-1.3.jar;D:\Apache\apache-maven-repository\com\squareup\okhttp3\okhttp\4.10.0\okhttp-4.10.0.jar;D:\Apache\apache-maven-repository\com\squareup\okio\okio-jvm\3.0.0\okio-jvm-3.0.0.jar;D:\Apache\apache-maven-repository\org\jetbrains\kotlin\kotlin-stdlib-jdk8\1.7.22\kotlin-stdlib-jdk8-1.7.22.jar;D:\Apache\apache-maven-repository\org\jetbrains\kotlin\kotlin-stdlib-jdk7\1.7.22\kotlin-stdlib-jdk7-1.7.22.jar;D:\Apache\apache-maven-repository\org\jetbrains\kotlin\kotlin-stdlib-common\1.7.22\kotlin-stdlib-common-1.7.22.jar;D:\Apache\apache-maven-repository\org\jetbrains\kotlin\kotlin-stdlib\1.7.22\kotlin-stdlib-1.7.22.jar;D:\Apache\apache-maven-repository\org\jetbrains\annotations\13.0\annotations-13.0.jar;D:\Apache\apache-maven-repository\com\fasterxml\jackson\core\jackson-annotations\2.14.2\jackson-annotations-2.14.2.jar;D:\Apache\apache-maven-repository\com\fasterxml\jackson\core\jackson-core\2.14.2\jackson-core-2.14.2.jar;D:\Apache\apache-maven-repository\com\fasterxml\jackson\core\jackson-databind\2.14.2\jackson-databind-2.14.2.jar;D:\Apache\apache-maven-repository\commons-codec\commons-codec\1.15\commons-codec-1.15.jar;D:\Apache\apache-maven-repository\com\github\whvcse\easy-captcha\1.6.2\easy-captcha-1.6.2.jar;D:\Apache\apache-maven-repository\org\springframework\boot\spring-boot-starter-data-redis\3.0.5\spring-boot-starter-data-redis-3.0.5.jar;D:\Apache\apache-maven-repository\org\springframework\data\spring-data-redis\3.0.4\spring-data-redis-3.0.4.jar;D:\Apache\apache-maven-repository\org\springframework\data\spring-data-keyvalue\3.0.4\spring-data-keyvalue-3.0.4.jar;D:\Apache\apache-maven-repository\org\springframework\data\spring-data-commons\3.0.4\spring-data-commons-3.0.4.jar;D:\Apache\apache-maven-repository\org\springframework\spring-tx\6.0.7\spring-tx-6.0.7.jar;D:\Apache\apache-maven-repository\org\springframework\spring-oxm\6.0.7\spring-oxm-6.0.7.jar;D:\Apache\apache-maven-repository\org\springframework\spring-context-support\6.0.7\spring-context-support-6.0.7.jar;D:\Apache\apache-maven-repository\io\lettuce\lettuce-core\6.2.3.RELEASE\lettuce-core-6.2.3.RELEASE.jar;D:\Apache\apache-maven-repository\io\netty\netty-common\4.1.90.Final\netty-common-4.1.90.Final.jar;D:\Apache\apache-maven-repository\io\netty\netty-handler\4.1.90.Final\netty-handler-4.1.90.Final.jar;D:\Apache\apache-maven-repository\io\netty\netty-resolver\4.1.90.Final\netty-resolver-4.1.90.Final.jar;D:\Apache\apache-maven-repository\io\netty\netty-buffer\4.1.90.Final\netty-buffer-4.1.90.Final.jar;D:\Apache\apache-maven-repository\io\netty\netty-transport-native-unix-common\4.1.90.Final\netty-transport-native-unix-common-4.1.90.Final.jar;D:\Apache\apache-maven-repository\io\netty\netty-codec\4.1.90.Final\netty-codec-4.1.90.Final.jar;D:\Apache\apache-maven-repository\io\netty\netty-transport\4.1.90.Final\netty-transport-4.1.90.Final.jar;D:\Apache\apache-maven-repository\io\projectreactor\reactor-core\3.5.4\reactor-core-3.5.4.jar;D:\Apache\apache-maven-repository\org\reactivestreams\reactive-streams\1.0.4\reactive-streams-1.0.4.jar;D:\Apache\apache-maven-repository\io\jsonwebtoken\jjwt-api\0.11.2\jjwt-api-0.11.2.jar;D:\Apache\apache-maven-repository\io\jsonwebtoken\jjwt-impl\0.11.2\jjwt-impl-0.11.2.jar;D:\Apache\apache-maven-repository\io\jsonwebtoken\jjwt-jackson\0.11.2\jjwt-jackson-0.11.2.jar;D:\Apache\apache-maven-repository\com\aliyun\dysmsapi20170525\2.0.23\dysmsapi20170525-2.0.23.jar;D:\Apache\apache-maven-repository\com\aliyun\tea-util\0.2.16\tea-util-0.2.16.jar;D:\Apache\apache-maven-repository\com\google\code\gson\gson\2.9.1\gson-2.9.1.jar;D:\Apache\apache-maven-repository\com\aliyun\endpoint-util\0.0.7\endpoint-util-0.0.7.jar;D:\Apache\apache-maven-repository\com\aliyun\tea\1.2.0\tea-1.2.0.jar;D:\Apache\apache-maven-repository\org\jacoco\org.jacoco.agent\0.8.4\org.jacoco.agent-0.8.4-runtime.jar;D:\Apache\apache-maven-repository\com\aliyun\tea-openapi\0.2.8\tea-openapi-0.2.8.jar;D:\Apache\apache-maven-repository\com\aliyun\credentials-java\0.2.4\credentials-java-0.2.4.jar;D:\Apache\apache-maven-repository\org\ini4j\ini4j\0.5.4\ini4j-0.5.4.jar;D:\Apache\apache-maven-repository\javax\xml\bind\jaxb-api\2.3.0\jaxb-api-2.3.0.jar;D:\Apache\apache-maven-repository\com\sun\xml\bind\jaxb-core\4.0.2\jaxb-core-4.0.2.jar;D:\Apache\apache-maven-repository\org\eclipse\angus\angus-activation\2.0.0\angus-activation-2.0.0.jar;D:\Apache\apache-maven-repository\com\sun\xml\bind\jaxb-impl\4.0.2\jaxb-impl-4.0.2.jar;D:\Apache\apache-maven-repository\com\aliyun\alibabacloud-gateway-spi\0.0.1\alibabacloud-gateway-spi-0.0.1.jar;D:\Apache\apache-maven-repository\com\aliyun\tea-xml\0.1.5\tea-xml-0.1.5.jar;D:\Apache\apache-maven-repository\org\dom4j\dom4j\2.0.3\dom4j-2.0.3.jar;D:\Apache\apache-maven-repository\com\aliyun\openapiutil\0.2.0\openapiutil-0.2.0.jar;D:\Apache\apache-maven-repository\org\bouncycastle\bcpkix-jdk15on\1.65\bcpkix-jdk15on-1.65.jar;D:\Apache\apache-maven-repository\org\bouncycastle\bcprov-jdk15on\1.65\bcprov-jdk15on-1.65.jar;D:\Code\house\lease\model\target\model-1.0-SNAPSHOT.jar;D:\Apache\apache-maven-repository\org\springframework\boot\spring-boot-starter-web\3.0.5\spring-boot-starter-web-3.0.5.jar;D:\Apache\apache-maven-repository\org\springframework\boot\spring-boot-starter\3.0.5\spring-boot-starter-3.0.5.jar;D:\Apache\apache-maven-repository\org\springframework\boot\spring-boot\3.0.5\spring-boot-3.0.5.jar;D:\Apache\apache-maven-repository\org\springframework\boot\spring-boot-starter-logging\3.0.5\spring-boot-starter-logging-3.0.5.jar;D:\Apache\apache-maven-repository\ch\qos\logback\logback-classic\1.4.6\logback-classic-1.4.6.jar;D:\Apache\apache-maven-repository\ch\qos\logback\logback-core\1.4.6\logback-core-1.4.6.jar;D:\Apache\apache-maven-repository\org\apache\logging\log4j\log4j-to-slf4j\2.19.0\log4j-to-slf4j-2.19.0.jar;D:\Apache\apache-maven-repository\org\apache\logging\log4j\log4j-api\2.19.0\log4j-api-2.19.0.jar;D:\Apache\apache-maven-repository\org\slf4j\jul-to-slf4j\2.0.7\jul-to-slf4j-2.0.7.jar;D:\Apache\apache-maven-repository\jakarta\annotation\jakarta.annotation-api\2.1.1\jakarta.annotation-api-2.1.1.jar;D:\Apache\apache-maven-repository\org\yaml\snakeyaml\1.33\snakeyaml-1.33.jar;D:\Apache\apache-maven-repository\org\springframework\boot\spring-boot-starter-json\3.0.5\spring-boot-starter-json-3.0.5.jar;D:\Apache\apache-maven-repository\com\fasterxml\jackson\datatype\jackson-datatype-jdk8\2.14.2\jackson-datatype-jdk8-2.14.2.jar;D:\Apache\apache-maven-repository\com\fasterxml\jackson\datatype\jackson-datatype-jsr310\2.14.2\jackson-datatype-jsr310-2.14.2.jar;D:\Apache\apache-maven-repository\com\fasterxml\jackson\module\jackson-module-parameter-names\2.14.2\jackson-module-parameter-names-2.14.2.jar;D:\Apache\apache-maven-repository\org\springframework\boot\spring-boot-starter-tomcat\3.0.5\spring-boot-starter-tomcat-3.0.5.jar;D:\Apache\apache-maven-repository\org\apache\tomcat\embed\tomcat-embed-core\10.1.7\tomcat-embed-core-10.1.7.jar;D:\Apache\apache-maven-repository\org\apache\tomcat\embed\tomcat-embed-el\10.1.7\tomcat-embed-el-10.1.7.jar;D:\Apache\apache-maven-repository\org\apache\tomcat\embed\tomcat-embed-websocket\10.1.7\tomcat-embed-websocket-10.1.7.jar;D:\Apache\apache-maven-repository\org\springframework\spring-web\6.0.7\spring-web-6.0.7.jar;D:\Apache\apache-maven-repository\org\springframework\spring-beans\6.0.7\spring-beans-6.0.7.jar;D:\Apache\apache-maven-repository\io\micrometer\micrometer-observation\1.10.5\micrometer-observation-1.10.5.jar;D:\Apache\apache-maven-repository\io\micrometer\micrometer-commons\1.10.5\micrometer-commons-1.10.5.jar;D:\Apache\apache-maven-repository\org\springframework\spring-webmvc\6.0.7\spring-webmvc-6.0.7.jar;D:\Apache\apache-maven-repository\org\springframework\spring-aop\6.0.7\spring-aop-6.0.7.jar;D:\Apache\apache-maven-repository\org\springframework\spring-context\6.0.7\spring-context-6.0.7.jar;D:\Apache\apache-maven-repository\org\springframework\spring-expression\6.0.7\spring-expression-6.0.7.jar;D:\Apache\apache-maven-repository\org\springframework\boot\spring-boot-starter-test\3.0.5\spring-boot-starter-test-3.0.5.jar;D:\Apache\apache-maven-repository\org\springframework\boot\spring-boot-test\3.0.5\spring-boot-test-3.0.5.jar;D:\Apache\apache-maven-repository\org\springframework\boot\spring-boot-test-autoconfigure\3.0.5\spring-boot-test-autoconfigure-3.0.5.jar;D:\Apache\apache-maven-repository\com\jayway\jsonpath\json-path\2.7.0\json-path-2.7.0.jar;D:\Apache\apache-maven-repository\net\minidev\json-smart\2.4.10\json-smart-2.4.10.jar;D:\Apache\apache-maven-repository\net\minidev\accessors-smart\2.4.9\accessors-smart-2.4.9.jar;D:\Apache\apache-maven-repository\org\ow2\asm\asm\9.3\asm-9.3.jar;D:\Apache\apache-maven-repository\org\slf4j\slf4j-api\2.0.7\slf4j-api-2.0.7.jar;D:\Apache\apache-maven-repository\jakarta\xml\bind\jakarta.xml.bind-api\4.0.0\jakarta.xml.bind-api-4.0.0.jar;D:\Apache\apache-maven-repository\jakarta\activation\jakarta.activation-api\2.1.1\jakarta.activation-api-2.1.1.jar;D:\Apache\apache-maven-repository\org\assertj\assertj-core\3.23.1\assertj-core-3.23.1.jar;D:\Apache\apache-maven-repository\net\bytebuddy\byte-buddy\1.12.23\byte-buddy-1.12.23.jar;D:\Apache\apache-maven-repository\org\hamcrest\hamcrest\2.2\hamcrest-2.2.jar;D:\Apache\apache-maven-repository\org\junit\jupiter\junit-jupiter\5.9.2\junit-jupiter-5.9.2.jar;D:\Apache\apache-maven-repository\org\junit\jupiter\junit-jupiter-api\5.9.2\junit-jupiter-api-5.9.2.jar;D:\Apache\apache-maven-repository\org\opentest4j\opentest4j\1.2.0\opentest4j-1.2.0.jar;D:\Apache\apache-maven-repository\org\junit\platform\junit-platform-commons\1.9.2\junit-platform-commons-1.9.2.jar;D:\Apache\apache-maven-repository\org\apiguardian\apiguardian-api\1.1.2\apiguardian-api-1.1.2.jar;D:\Apache\apache-maven-repository\org\junit\jupiter\junit-jupiter-params\5.9.2\junit-jupiter-params-5.9.2.jar;D:\Apache\apache-maven-repository\org\junit\jupiter\junit-jupiter-engine\5.9.2\junit-jupiter-engine-5.9.2.jar;D:\Apache\apache-maven-repository\org\junit\platform\junit-platform-engine\1.9.2\junit-platform-engine-1.9.2.jar;D:\Apache\apache-maven-repository\org\mockito\mockito-core\4.8.1\mockito-core-4.8.1.jar;D:\Apache\apache-maven-repository\net\bytebuddy\byte-buddy-agent\1.12.23\byte-buddy-agent-1.12.23.jar;D:\Apache\apache-maven-repository\org\objenesis\objenesis\3.2\objenesis-3.2.jar;D:\Apache\apache-maven-repository\org\mockito\mockito-junit-jupiter\4.8.1\mockito-junit-jupiter-4.8.1.jar;D:\Apache\apache-maven-repository\org\skyscreamer\jsonassert\1.5.1\jsonassert-1.5.1.jar;D:\Apache\apache-maven-repository\com\vaadin\external\google\android-json\0.0.20131108.vaadin1\android-json-0.0.20131108.vaadin1.jar;D:\Apache\apache-maven-repository\org\springframework\spring-core\6.0.7\spring-core-6.0.7.jar;D:\Apache\apache-maven-repository\org\springframework\spring-jcl\6.0.7\spring-jcl-6.0.7.jar;D:\Apache\apache-maven-repository\org\springframework\spring-test\6.0.7\spring-test-6.0.7.jar;D:\Apache\apache-maven-repository\org\xmlunit\xmlunit-core\2.9.1\xmlunit-core-2.9.1.jar;D:\Apache\apache-maven-repository\com\github\xiaoymin\knife4j-openapi3-jakarta-spring-boot-starter\4.1.0\knife4j-openapi3-jakarta-spring-boot-starter-4.1.0.jar;D:\Apache\apache-maven-repository\com\github\xiaoymin\knife4j-core\4.1.0\knife4j-core-4.1.0.jar;D:\Apache\apache-maven-repository\com\github\xiaoymin\knife4j-openapi3-ui\4.1.0\knife4j-openapi3-ui-4.1.0.jar;D:\Apache\apache-maven-repository\org\springdoc\springdoc-openapi-starter-common\2.0.4\springdoc-openapi-starter-common-2.0.4.jar;D:\Apache\apache-maven-repository\io\swagger\core\v3\swagger-core-jakarta\2.2.8\swagger-core-jakarta-2.2.8.jar;D:\Apache\apache-maven-repository\org\apache\commons\commons-lang3\3.12.0\commons-lang3-3.12.0.jar;D:\Apache\apache-maven-repository\jakarta\validation\jakarta.validation-api\3.0.2\jakarta.validation-api-3.0.2.jar;D:\Apache\apache-maven-repository\com\fasterxml\jackson\dataformat\jackson-dataformat-yaml\2.14.2\jackson-dataformat-yaml-2.14.2.jar;D:\Apache\apache-maven-repository\org\springdoc\springdoc-openapi-starter-webflux-ui\2.0.4\springdoc-openapi-starter-webflux-ui-2.0.4.jar;D:\Apache\apache-maven-repository\org\springdoc\springdoc-openapi-starter-webflux-api\2.0.4\springdoc-openapi-starter-webflux-api-2.0.4.jar;D:\Apache\apache-maven-repository\org\springframework\spring-webflux\6.0.7\spring-webflux-6.0.7.jar;D:\Apache\apache-maven-repository\org\webjars\swagger-ui\4.18.1\swagger-ui-4.18.1.jar;D:\Apache\apache-maven-repository\org\webjars\webjars-locator-core\0.52\webjars-locator-core-0.52.jar;D:\Apache\apache-maven-repository\io\github\classgraph\classgraph\4.8.149\classgraph-4.8.149.jar;D:\Apache\apache-maven-repository\org\springdoc\springdoc-openapi-starter-webmvc-ui\2.0.4\springdoc-openapi-starter-webmvc-ui-2.0.4.jar;D:\Apache\apache-maven-repository\org\springdoc\springdoc-openapi-starter-webmvc-api\2.0.4\springdoc-openapi-starter-webmvc-api-2.0.4.jar;D:\Apache\apache-maven-repository\io\swagger\core\v3\swagger-annotations-jakarta\2.2.8\swagger-annotations-jakarta-2.2.8.jar;D:\Apache\apache-maven-repository\io\swagger\core\v3\swagger-models-jakarta\2.2.8\swagger-models-jakarta-2.2.8.jar;"/>
    <property name="sun.cpu.endian" value="little"/>
    <property name="user.home" value="C:\Users\wy292"/>
    <property name="user.language" value="zh"/>
    <property name="java.specification.vendor" value="Oracle Corporation"/>
    <property name="java.version.date" value="2023-07-18"/>
    <property name="java.home" value="D:\Program Files\Java\jdk-17"/>
    <property name="file.separator" value="\"/>
    <property name="basedir" value="D:\Code\house\lease\web\web-app"/>
    <property name="java.vm.compressedOopsMode" value="Zero based"/>
    <property name="line.separator" value="&#10;"/>
    <property name="java.vm.specification.vendor" value="Oracle Corporation"/>
    <property name="java.specification.name" value="Java Platform API Specification"/>
    <property name="surefire.real.class.path" value="C:\Users\wy292\AppData\Local\Temp\surefire4742681233294547946\surefirebooter1738136579066770773.jar"/>
    <property name="user.script" value=""/>
    <property name="sun.management.compiler" value="HotSpot 64-Bit Tiered Compilers"/>
    <property name="java.runtime.version" value="17.0.8+9-LTS-211"/>
    <property name="user.name" value="wy292"/>
    <property name="path.separator" value=";"/>
    <property name="os.version" value="10.0"/>
    <property name="java.runtime.name" value="Java(TM) SE Runtime Environment"/>
    <property name="file.encoding" value="GBK"/>
    <property name="java.vm.name" value="Java HotSpot(TM) 64-Bit Server VM"/>
    <property name="localRepository" value="D:\Apache\apache-maven-repository"/>
    <property name="java.vendor.url.bug" value="https://bugreport.java.com/bugreport/"/>
    <property name="java.io.tmpdir" value="C:\Users\wy292\AppData\Local\Temp\"/>
    <property name="idea.version" value="2023.2.7"/>
    <property name="java.version" value="17.0.8"/>
    <property name="user.dir" value="D:\Code\house\lease\web\web-app"/>
    <property name="os.arch" value="amd64"/>
    <property name="java.vm.specification.name" value="Java Virtual Machine Specification"/>
    <property name="sun.os.patch.level" value=""/>
    <property name="native.encoding" value="GBK"/>
    <property name="java.library.path" value="D:\Program Files\Java\jdk-17\bin;C:\WINDOWS\Sun\Java\bin;C:\WINDOWS\system32;C:\WINDOWS;C:\Program Files (x86)\VMware\VMware Workstation\bin\;C:\Program Files\Common Files\Oracle\Java\javapath;C:\WINDOWS\system32;C:\WINDOWS;C:\WINDOWS\System32\Wbem;C:\WINDOWS\System32\WindowsPowerShell\v1.0\;C:\WINDOWS\System32\OpenSSH\;D:\Program Files\Git\cmd;C:\Program Files (x86)\dotnet\;D:\Program Files\MATLAB\R2022a\runtime\win64;D:\Program Files\MATLAB\R2022a\bin;D:\Program Files\Bandizip\;D:\Program Files\Microsoft VS Code\bin;D:\mingw64\bin;D:\Download\platform-tools;C:\Program Files\Cloudflare\Cloudflare WARP\;C:\Program Files\dotnet\;D:\Apache\apache-maven-3.9.8\bin;D:\Bandizip;D:\Tools\platform-tools-latest-windows\platform-tools;D:\Program Files\nodejs\;D:\Scoop\shims;D:\wy292\Python\Scripts\;D:\wy292\Python\;D:\Program Files\Python\Scripts\;D:\Program Files\Python\;D:\wy292\Scripts\;D:\wy292\;D:\Program Files\Git\mingw64\bin;D:\MinGW\bin;D:\texlive\2023\bin\windows;D:\Download\ffmpeg-2023-07-19-git-efa6cec759-essentials_build\bin;C:\Users\wy292\AppData\Local\Microsoft\WindowsApps;C:\Users\wy292\AppData\Local\GitHubDesktop\bin;C:\Users\wy292\AppData\Roaming\npm;."/>
    <property name="java.vm.info" value="mixed mode, sharing"/>
    <property name="java.vendor" value="Oracle Corporation"/>
    <property name="java.vm.version" value="17.0.8+9-LTS-211"/>
    <property name="sun.io.unicode.encoding" value="UnicodeLittle"/>
    <property name="java.class.version" value="61.0"/>
  </properties>
  <testcase name="senCode" classname="com.atguigu.lease.web.app.service.impl.SmsServiceImplTest" time="1.882"/>
</testsuite>